2019-07-17 14:42:18: werkzeug - WARNING -  * Debugger is active!
2019-07-17 14:42:18: werkzeug - INFO -  * Debugger PIN: 141-615-774
2019-07-17 14:42:21: root - INFO - Recieved request for title, thewire
2019-07-17 14:42:22: root - INFO - Found "The Wire", which was the closest match

2019-07-17 14:42:22: root - INFO - Finding tv shows similar to The Wire...

2019-07-17 14:42:22: root - INFO - Found the following TV Shows:

2019-07-17 14:42:22: root - INFO -                               title  metascore  userscore                                               link                                               cast  ... similarity_normal metascore_normal  userscore_normal     score similarTitle
index                                                                                                                                                            ...                                                                            
255                    Breaking Bad       73.0        9.2  https://www.imdb.com/title/tt0903747/?ref_=adv...  [vincegilligan, bryancranston, aaronpaul, anna...  ...          0.436363         0.727273          0.979592  0.811985     The Wire
607                           Fargo       85.0        9.0  https://www.imdb.com/title/tt2802850/?ref_=adv...   [billybobthornton, martinfreeman, allisontolman]  ...          0.263882         0.883117          0.938776  0.723225     The Wire
240                       Bodyguard       79.0        7.2  https://www.imdb.com/title/tt7493974/?ref_=adv...  [jedmercurio, richardmadden, sophierundle, vin...  ...          0.858028         0.805195          0.571429  0.695027     The Wire
2258                 True Detective       87.0        9.2  https://www.imdb.com/title/tt2356777/?ref_=adv...  [nicpizzolatto, vincevaughn, colinfarrell, rac...  ...          0.072871         0.909091          0.979592  0.686566     The Wire
2120                     The Shield       92.0        9.3  https://www.imdb.com/title/tt0286486/?ref_=adv...  [shawnryan, michaelchiklis, catherinedent, wal...  ...          0.046719         0.974026          1.000000  0.655706     The Wire
838    Homicide: Life on the Street       94.0        8.5  https://www.imdb.com/title/tt0106028/?ref_=adv...  [paulattanasio, richardbelzer, clarkjohnson, y...  ...          0.021516         1.000000          0.836735  0.613078     The Wire
1239                      Mr. Robot       79.0        8.7  https://www.imdb.com/title/tt4158110/?ref_=adv...  [samesmail, ramimalek, christianslater, portia...  ...          0.080822         0.805195          0.877551  0.590948     The Wire
739                          Gotham       71.0        7.5  https://www.imdb.com/title/tt3749900/?ref_=adv...  [brunoheller, benmckenzie, jadapinkettsmith, d...  ...          0.578091         0.701299          0.632653  0.580645     The Wire
1195                     Mindhunter       79.0        8.3  https://www.imdb.com/title/tt5290382/?ref_=adv...  [joepenhall, jonathangroff, holtmccallany, ann...  ...          0.078123         0.805195          0.795918  0.576395     The Wire
1915                  The Good Wife       75.0        8.8  https://www.imdb.com/title/tt1442462/?ref_=adv...  [michelleking, robertking, juliannamargulies, ...  ...          0.085269         0.753247          0.897959  0.561763     The Wire

[10 rows x 23 columns]
2019-07-17 14:42:22: werkzeug - INFO - 127.0.0.1 - - [17/Jul/2019 14:42:22] "GET /predict?title=thewire HTTP/1.1" 200 -
2019-07-17 14:42:38: root - INFO - Recieved request for title, thewire
2019-07-17 14:42:39: root - INFO - Found "The Wire", which was the closest match

2019-07-17 14:42:39: root - INFO - Finding tv shows similar to The Wire...

2019-07-17 14:42:39: root - INFO - Found the following TV Shows:

2019-07-17 14:42:39: root - INFO -                               title  metascore  userscore                                               link                                               cast  ... similarity_normal metascore_normal  userscore_normal     score similarTitle
index                                                                                                                                                            ...                                                                            
255                    Breaking Bad       73.0        9.2  https://www.imdb.com/title/tt0903747/?ref_=adv...  [vincegilligan, bryancranston, aaronpaul, anna...  ...          0.436363         0.727273          0.979592  0.811985     The Wire
607                           Fargo       85.0        9.0  https://www.imdb.com/title/tt2802850/?ref_=adv...   [billybobthornton, martinfreeman, allisontolman]  ...          0.263882         0.883117          0.938776  0.723225     The Wire
240                       Bodyguard       79.0        7.2  https://www.imdb.com/title/tt7493974/?ref_=adv...  [jedmercurio, richardmadden, sophierundle, vin...  ...          0.858028         0.805195          0.571429  0.695027     The Wire
2258                 True Detective       87.0        9.2  https://www.imdb.com/title/tt2356777/?ref_=adv...  [nicpizzolatto, vincevaughn, colinfarrell, rac...  ...          0.072871         0.909091          0.979592  0.686566     The Wire
2120                     The Shield       92.0        9.3  https://www.imdb.com/title/tt0286486/?ref_=adv...  [shawnryan, michaelchiklis, catherinedent, wal...  ...          0.046719         0.974026          1.000000  0.655706     The Wire
838    Homicide: Life on the Street       94.0        8.5  https://www.imdb.com/title/tt0106028/?ref_=adv...  [paulattanasio, richardbelzer, clarkjohnson, y...  ...          0.021516         1.000000          0.836735  0.613078     The Wire
1239                      Mr. Robot       79.0        8.7  https://www.imdb.com/title/tt4158110/?ref_=adv...  [samesmail, ramimalek, christianslater, portia...  ...          0.080822         0.805195          0.877551  0.590948     The Wire
739                          Gotham       71.0        7.5  https://www.imdb.com/title/tt3749900/?ref_=adv...  [brunoheller, benmckenzie, jadapinkettsmith, d...  ...          0.578091         0.701299          0.632653  0.580645     The Wire
1195                     Mindhunter       79.0        8.3  https://www.imdb.com/title/tt5290382/?ref_=adv...  [joepenhall, jonathangroff, holtmccallany, ann...  ...          0.078123         0.805195          0.795918  0.576395     The Wire
1915                  The Good Wife       75.0        8.8  https://www.imdb.com/title/tt1442462/?ref_=adv...  [michelleking, robertking, juliannamargulies, ...  ...          0.085269         0.753247          0.897959  0.561763     The Wire

[10 rows x 23 columns]
2019-07-17 14:42:39: werkzeug - INFO - 127.0.0.1 - - [17/Jul/2019 14:42:39] "GET /predict?title=thewire HTTP/1.1" 200 -
2019-07-17 14:42:41: root - INFO - Recieved request for title, breakingbad
2019-07-17 14:42:42: root - INFO - Found "Breaking Bad", which was the closest match

2019-07-17 14:42:42: root - INFO - Finding tv shows similar to Breaking Bad...

2019-07-17 14:42:42: root - INFO - Found the following TV Shows:

2019-07-17 14:42:42: root - INFO -                   title  metascore  userscore                                               link                                               cast  ... similarity_normal metascore_normal  userscore_normal     score  similarTitle
index                                                                                                                                                ...                                                                             
2191           The Wire       79.0        9.4  https://www.imdb.com/title/tt0306414/?ref_=adv...  [davidsimon, dominicwest, lancereddick, sonjas...  ...          0.430035         0.826667              1.00  0.829775  Breaking Bad
607               Fargo       85.0        9.0  https://www.imdb.com/title/tt2802850/?ref_=adv...   [billybobthornton, martinfreeman, allisontolman]  ...          0.276052         0.906667              0.92  0.749834  Breaking Bad
186    Better Call Saul       78.0        8.6  https://www.imdb.com/title/tt3032476/?ref_=adv...  [vincegilligan, petergould, bobodenkirk, rheas...  ...          0.475309         0.813333              0.84  0.730470  Breaking Bad
240           Bodyguard       79.0        7.2  https://www.imdb.com/title/tt7493974/?ref_=adv...  [jedmercurio, richardmadden, sophierundle, vin...  ...          0.815622         0.826667              0.56  0.702340  Breaking Bad
2258     True Detective       87.0        9.2  https://www.imdb.com/title/tt2356777/?ref_=adv...  [nicpizzolatto, vincevaughn, colinfarrell, rac...  ...          0.006941         0.933333              0.96  0.693623  Breaking Bad
2120         The Shield       92.0        9.3  https://www.imdb.com/title/tt0286486/?ref_=adv...  [shawnryan, michaelchiklis, catherinedent, wal...  ...          0.052876         1.000000              0.98  0.678529  Breaking Bad
1239          Mr. Robot       79.0        8.7  https://www.imdb.com/title/tt4158110/?ref_=adv...  [samesmail, ramimalek, christianslater, portia...  ...          0.082503         0.826667              0.86  0.610705  Breaking Bad
1195         Mindhunter       79.0        8.3  https://www.imdb.com/title/tt5290382/?ref_=adv...  [joepenhall, jonathangroff, holtmccallany, ann...  ...          0.093259         0.826667              0.78  0.599794  Breaking Bad
839            Homeland       92.0        8.3  https://www.imdb.com/title/tt1796960/?ref_=adv...  [alexgansa, howardgordon, clairedanes, mandypa...  ...          0.010202         1.000000              0.78  0.579667  Breaking Bad
1626    Sons of Anarchy       68.0        8.5  https://www.imdb.com/title/tt1124373/?ref_=adv...  [kurtsutter, charliehunnam, kateysagal, markbo...  ...          0.005513         0.680000              0.82  0.574740  Breaking Bad

[10 rows x 23 columns]
2019-07-17 14:42:42: werkzeug - INFO - 127.0.0.1 - - [17/Jul/2019 14:42:42] "GET /predict?title=breakingbad HTTP/1.1" 200 -
2019-07-17 14:42:42: werkzeug - INFO - 127.0.0.1 - - [17/Jul/2019 14:42:42] "GET /favicon.ico HTTP/1.1" 404 -
